Build started 10/15/2021 4:53:49 PM.
     1>Project "E:\kal\Kal Development\Server Editing\CODING\Engine\My Engine 2021\Clean Engine 2021\2021 Engine\Engine\Engine.vcxproj" on node 2 (build target(s)).
     1>InitializeBuildStatus:
         Creating "Release\Engine.unsuccessfulbuild" because "AlwaysCreate" was specified.
       ClCompile:
         C:\Program Files (x86)\Microsoft Visual Studio 10.0\VC\bin\CL.exe /c /Zi /nologo /W3 /WX- /O2 /Oi /Oy- /GL /D WIN32 /D NDEBUG /D _WINDOWS /D _USRDLL /D ENGINE_EXPORTS /D _WINDLL /Gm- /EHsc /MD /GS /Gy /fp:precise /Zc:wchar_t /Zc:forScope /Fo"Release\\" /Fd"Release\vc100.pdb" /Gd /TP /analyze- /errorReport:prompt base64.cpp Buff.cpp Chatbox.cpp Engine.cpp Graphics.cpp Hooks.cpp Interface.cpp OnSend.cpp Packets.cpp Protect.cpp Tools.cpp
         base64.cpp
         Buff.cpp
         Chatbox.cpp
         Engine.cpp
         Graphics.cpp
         Hooks.cpp
         Interface.cpp
         OnSend.cpp
         Packets.cpp
         Protect.cpp
         Tools.cpp
       Link:
         C:\Program Files (x86)\Microsoft Visual Studio 10.0\VC\bin\link.exe /ERRORREPORT:PROMPT /OUT:"E:\kal\Kal Development\Server Editing\CODING\Engine\My Engine 2021\Clean Engine 2021\2021 Engine\Release\Engine.dll" /INCREMENTAL:NO /NOLOGO kernel32.lib user32.lib gdi32.lib winspool.lib comdlg32.lib advapi32.lib shell32.lib ole32.lib oleaut32.lib uuid.lib odbc32.lib odbccp32.lib /DEF:"Exports.def" /MANIFEST /ManifestFile:"Release\Engine.dll.intermediate.manifest" /MANIFESTUAC:"level='asInvoker' uiAccess='false'" /DEBUG /PDB:"E:\kal\Kal Development\Server Editing\CODING\Engine\My Engine 2021\Clean Engine 2021\2021 Engine\Release\Engine.pdb" /SUBSYSTEM:WINDOWS /OPT:REF /OPT:ICF /LTCG /TLBID:1 /DYNAMICBASE /NXCOMPAT /IMPLIB:"E:\kal\Kal Development\Server Editing\CODING\Engine\My Engine 2021\Clean Engine 2021\2021 Engine\Release\Engine.lib" /MACHINE:X86 /DLL Release\base64.obj
         Release\Buff.obj
         Release\Chatbox.obj
         Release\Engine.obj
         Release\Graphics.obj
         Release\Hooks.obj
         Release\Interface.obj
         Release\OnSend.obj
         Release\Packets.obj
         Release\Protect.obj
         Release\Tools.obj
            Creating library E:\kal\Kal Development\Server Editing\CODING\Engine\My Engine 2021\Clean Engine 2021\2021 Engine\Release\Engine.lib and object E:\kal\Kal Development\Server Editing\CODING\Engine\My Engine 2021\Clean Engine 2021\2021 Engine\Release\Engine.exp
         Generating code
         Finished generating code
         Engine.vcxproj -> E:\kal\Kal Development\Server Editing\CODING\Engine\My Engine 2021\Clean Engine 2021\2021 Engine\Release\Engine.dll
       Manifest:
         C:\Program Files (x86)\Microsoft SDKs\Windows\v7.0A\bin\mt.exe /nologo /verbose /outputresource:"E:\kal\Kal Development\Server Editing\CODING\Engine\My Engine 2021\Clean Engine 2021\2021 Engine\Release\Engine.dll;#2" /manifest Release\Engine.dll.intermediate.manifest
       FinalizeBuildStatus:
         Deleting file "Release\Engine.unsuccessfulbuild".
         Touching "Release\Engine.lastbuildstate".
     1>Done Building Project "E:\kal\Kal Development\Server Editing\CODING\Engine\My Engine 2021\Clean Engine 2021\2021 Engine\Engine\Engine.vcxproj" (build target(s)).

Build succeeded.

Time Elapsed 00:00:09.75
